<?xml version="1.0" encoding="UTF-8"?>
<testng-results skipped="0" failed="0" total="1" passed="1">
  <reporter-output>
  </reporter-output>
  <suite name="Default suite" duration-ms="1975" started-at="2019-08-01T20:10:59Z" finished-at="2019-08-01T20:11:01Z">
    <groups>
    </groups>
    <test name="Default test" duration-ms="1975" started-at="2019-08-01T20:10:59Z" finished-at="2019-08-01T20:11:01Z">
      <class name="com.kk.selenium.ExtentReportDemo">
        <test-method status="PASS" signature="loginTest()[pri:0, instance:com.kk.selenium.ExtentReportDemo@3ab39c39]" name="loginTest" duration-ms="1922" started-at="2019-08-02T01:40:59Z" finished-at="2019-08-02T01:41:01Z">
          <reporter-output>
          </reporter-output>
        </test-method> <!-- loginTest -->
      </class> <!-- com.kk.selenium.ExtentReportDemo -->
    </test> <!-- Default test -->
  </suite> <!-- Default suite -->
</testng-results>
